<?xml version="1.0" encoding="UTF-8"?>
<testsuite xmlns:xsi="http://www.w3.org/2001/XMLSchema-instance" xsi:noNamespaceSchemaLocation="https://maven.apache.org/surefire/maven-surefire-plugin/xsd/surefire-test-report.xsd" name="it.unipd.mtss.RomanPrinterTest" time="0.107" tests="9" errors="8" skipped="0" failures="0">
  <properties>
    <property name="java.specification.version" value="21"/>
    <property name="sun.jnu.encoding" value="UTF-8"/>
    <property name="java.class.path" value="/home/nenad/Progetti/Assignment2/roman-number/target/test-classes:/home/nenad/Progetti/Assignment2/roman-number/target/classes:/home/nenad/.m2/repository/junit/junit/4.12/junit-4.12.jar:/home/nenad/.m2/repository/org/hamcrest/hamcrest-core/1.3/hamcrest-core-1.3.jar:"/>
    <property name="java.vm.vendor" value="Ubuntu"/>
    <property name="sun.arch.data.model" value="64"/>
    <property name="java.vendor.url" value="https://ubuntu.com/"/>
    <property name="os.name" value="Linux"/>
    <property name="java.vm.specification.version" value="21"/>
    <property name="sun.java.launcher" value="SUN_STANDARD"/>
    <property name="user.country" value="IT"/>
    <property name="sun.boot.library.path" value="/usr/lib/jvm/java-21-openjdk-amd64/lib"/>
    <property name="sun.java.command" value="/home/nenad/Progetti/Assignment2/roman-number/target/surefire/surefirebooter6817017001210670018.jar /home/nenad/Progetti/Assignment2/roman-number/target/surefire 2025-05-05T15-37-47_752-jvmRun1 surefire240795855047724840tmp surefire_013035227280760416026tmp"/>
    <property name="jdk.debug" value="release"/>
    <property name="surefire.test.class.path" value="/home/nenad/Progetti/Assignment2/roman-number/target/test-classes:/home/nenad/Progetti/Assignment2/roman-number/target/classes:/home/nenad/.m2/repository/junit/junit/4.12/junit-4.12.jar:/home/nenad/.m2/repository/org/hamcrest/hamcrest-core/1.3/hamcrest-core-1.3.jar:"/>
    <property name="sun.cpu.endian" value="little"/>
    <property name="user.home" value="/home/nenad"/>
    <property name="user.language" value="it"/>
    <property name="java.specification.vendor" value="Oracle Corporation"/>
    <property name="java.version.date" value="2025-01-21"/>
    <property name="java.home" value="/usr/lib/jvm/java-21-openjdk-amd64"/>
    <property name="file.separator" value="/"/>
    <property name="basedir" value="/home/nenad/Progetti/Assignment2/roman-number"/>
    <property name="java.vm.compressedOopsMode" value="Zero based"/>
    <property name="line.separator" value="&#10;"/>
    <property name="java.specification.name" value="Java Platform API Specification"/>
    <property name="java.vm.specification.vendor" value="Oracle Corporation"/>
    <property name="surefire.real.class.path" value="/home/nenad/Progetti/Assignment2/roman-number/target/surefire/surefirebooter6817017001210670018.jar"/>
    <property name="sun.management.compiler" value="HotSpot 64-Bit Tiered Compilers"/>
    <property name="java.runtime.version" value="21.0.6+7-Ubuntu-124.04.1"/>
    <property name="user.name" value="nenad"/>
    <property name="stdout.encoding" value="UTF-8"/>
    <property name="path.separator" value=":"/>
    <property name="os.version" value="6.8.0-59-generic"/>
    <property name="java.runtime.name" value="OpenJDK Runtime Environment"/>
    <property name="file.encoding" value="UTF-8"/>
    <property name="java.vm.name" value="OpenJDK 64-Bit Server VM"/>
    <property name="localRepository" value="/home/nenad/.m2/repository"/>
    <property name="java.vendor.url.bug" value="https://bugs.launchpad.net/ubuntu/+source/openjdk-21"/>
    <property name="java.io.tmpdir" value="/tmp"/>
    <property name="java.version" value="21.0.6"/>
    <property name="user.dir" value="/home/nenad/Progetti/Assignment2/roman-number"/>
    <property name="os.arch" value="amd64"/>
    <property name="java.vm.specification.name" value="Java Virtual Machine Specification"/>
    <property name="native.encoding" value="UTF-8"/>
    <property name="java.library.path" value="/usr/java/packages/lib:/usr/lib/x86_64-linux-gnu/jni:/lib/x86_64-linux-gnu:/usr/lib/x86_64-linux-gnu:/usr/lib/jni:/lib:/usr/lib"/>
    <property name="java.vm.info" value="mixed mode, sharing"/>
    <property name="stderr.encoding" value="UTF-8"/>
    <property name="java.vendor" value="Ubuntu"/>
    <property name="java.vm.version" value="21.0.6+7-Ubuntu-124.04.1"/>
    <property name="sun.io.unicode.encoding" value="UnicodeLittle"/>
    <property name="java.class.version" value="65.0"/>
  </properties>
  <testcase name="classIsNotNull" classname="it.unipd.mtss.RomanPrinterTest" time="0.005"/>
  <testcase name="testStampaC" classname="it.unipd.mtss.RomanPrinterTest" time="0.01">
    <error type="java.lang.IllegalArgumentException">java.lang.IllegalArgumentException
	at it.unipd.mtss.RomanPrinterTest.testStampaC(RomanPrinterTest.java:87)
</error>
  </testcase>
  <testcase name="testStampaD" classname="it.unipd.mtss.RomanPrinterTest" time="0.001">
    <error type="java.lang.IllegalArgumentException">java.lang.IllegalArgumentException
	at it.unipd.mtss.RomanPrinterTest.testStampaD(RomanPrinterTest.java:100)
</error>
  </testcase>
  <testcase name="testStampaI" classname="it.unipd.mtss.RomanPrinterTest" time="0.001">
    <error type="java.lang.IllegalArgumentException">java.lang.IllegalArgumentException
	at it.unipd.mtss.RomanPrinterTest.testStampaI(RomanPrinterTest.java:30)
</error>
  </testcase>
  <testcase name="testStampaL" classname="it.unipd.mtss.RomanPrinterTest" time="0.001">
    <error type="java.lang.IllegalArgumentException">java.lang.IllegalArgumentException
	at it.unipd.mtss.RomanPrinterTest.testStampaL(RomanPrinterTest.java:72)
</error>
  </testcase>
  <testcase name="testStampaM" classname="it.unipd.mtss.RomanPrinterTest" time="0.001">
    <error type="java.lang.IllegalArgumentException">java.lang.IllegalArgumentException
	at it.unipd.mtss.RomanPrinterTest.testStampaM(RomanPrinterTest.java:115)
</error>
  </testcase>
  <testcase name="testStampaV" classname="it.unipd.mtss.RomanPrinterTest" time="0.001">
    <error type="java.lang.IllegalArgumentException">java.lang.IllegalArgumentException
	at it.unipd.mtss.RomanPrinterTest.testStampaV(RomanPrinterTest.java:44)
</error>
  </testcase>
  <testcase name="testStampaX" classname="it.unipd.mtss.RomanPrinterTest" time="0.001">
    <error type="java.lang.IllegalArgumentException">java.lang.IllegalArgumentException
	at it.unipd.mtss.RomanPrinterTest.testStampaX(RomanPrinterTest.java:58)
</error>
  </testcase>
  <testcase name="testStampa88" classname="it.unipd.mtss.RomanPrinterTest" time="0.001">
    <error type="java.lang.IllegalArgumentException">java.lang.IllegalArgumentException
	at it.unipd.mtss.RomanPrinterTest.testStampa88(RomanPrinterTest.java:129)
</error>
  </testcase>
</testsuite>